1618380861821	mozrunner::runner	INFO	Running command: "C:\\Program Files\\Mozilla Firefox\\firefox.exe" "-marionette" "-foreground" "-no-remote" "-profile" "C:\\Users\\ELCOT\\AppData\\Local\\Temp\\rust_mozprofilevuJCgE"
[Child 5432, IPC I/O Child] WARNING: pipe error: 232: file /builds/worker/checkouts/gecko/ipc/chromium/src/chrome/common/ipc_channel_win.cc:545
console.warn: SearchSettings: "get: No settings file exists, new profile?" (new Error("", "(unknown module)"))
console.error: Region.jsm: "Error fetching region" (new Error("TIconsole.warn: SearchSettings: "get: No settings file exists, new profile?" (new Error("", "(unknown module)"))
console.error: Region.jsm: "Error fetching region" (new AbJavaScript error: resource://activity-stream/lib/ASRouter.jsm, line 988: NS_ERROR_ILLEGAL_VALUE: Component returned failure code: 0x80070057 (NS_ERROR_ILLEGAL_VALUE) [nsIObserverService.removeObserver]
console.warn: SearchService: "_init: abandoning init due to shutting down"
JavaScript error: , line 0: uncaught exception: 2147500036
JavaScript error: , line 0: uncaught exception: 2147500036
JavaScript error: , line 0: uncaught exception: 2147500036
JavaScript error: , line 0: uncaught exception: 2147500036
JavaScript error: , line 0: uncaught exception: 2147500036
console.warn: services.settings: main/cfr-fxa sync interrupted by shutdown
1618380973032	Marionette	INFO	Listening on port 56730
[Parent 12280, IPC I/O Paconsole.log: "RemoteSettingsWorker error: Error: Can't import when we've started shutting down."
*** UTM:SVC TimerManager:registerTimer called after profile-before-change notification. Ignoring timer registration for id: telemetry_modules_ping
*** UTM:SVC TimerManager:registerTimer called after profile-before-change notification. Ignoring timer registration for id: telemetry_untrustedmodules_ping
1618380977074	Marionette	INFO	Stopped listening on port 56730

###!!! [Child][RunMessage] Error: Channel closing: too late to send/recv, messages will be lost

ata: no]"
console.error: "Could not load engine amazondotcom@search.mozilla.org: [Exception... \"AddonManager is not initialized\"  nsresult: \"0xc1f30001 (NS_ERROR_NOT_INITIALIZED)\"  location: \"JS frame :: resource://gre/modules/AddonManager.jsm :: installBuiltinAddon :: line 2550\"  data: no]"
console.error: "Could not load engine wikipedia@search.mozilla.org: [Exception... \"AddonManager is not initialized\"  nsresult: \"0xc1f30001 (NS_ERROR_NOT_INITIALIZED)\"  location: \"JS frame :: resource://gre/modules/AddonManager.jsm :: installBuiltinAddon :: line 2550\"  data: no]"
console.error: "Could not load engine bing@search.mozilla.org: [Exception... \"AddonManager is not initialized\"  nsresult: \"0xc1f30001 (NS_ERROR_NOT_INITIALIZED)\"  location: \"JS frame :: resource://gre/modules/AddonManager.jsm :: installBuiltinAddon :: line 2550\"  data: no]"
console.error: "Could not load engine ddg@search.mozilla.org: [Exception... \"AddonManager is not initialized\"  nsresult: \"0xc1f30001 (NS_ERROR_NOT_INITIALIZED)\"  location: \"JS frame :: resource://gre/modules/AddonManager.jsm :: installBuiltinAddon :: line 2550\"  data: no]"
console.warn: SearchService: "_init: abandoning init due to shutting down"
JavaScript error: , line 0: uncaught exception: 2147500036
JavaScript error: , line 0: uncaught exception: 2147500036
JavaScript error: , line 0: uncaught exception: 2147500036
JavaScript error: , line 0: uncaught exception: 2147500036
JavaScript error: , line 0: uncaught exception: 2147500036
JavaScript error: , line 0: AbortError: A request was aborted, for example through a call to IDBTransaction.abort.
1618381032112	mozrunner::runner	INFO	Running command: "C:\\Program Files\\Mozilla Firefox\\firefox.exe" "-marionette" "-foreground" "-no-remote" "-profile" "C:\\Users\\ELCOT\\AppData\\Local\\Temp\\rust_mozprofileCDTj70"
JavaScript error: resource://gre/modules/XULStore.jsm, line 66: Error: Can't find profile directory.
console.warn: SearchSettings: "get: No settings file exists, new profile?" (new Error("", "(unknown module)"))
console.error: Region.jsm: "Error fetching region" (new Error("TIMEOUT", "resource://gre/modules/Region.jsm", 775))
console.error: Region.jsm: "Failed to fetch region" (new Error("TIMEOUT", "resource://gre/modules/Region.jsm", 422))
1618381055170	Marionette	INFO	Listening on port 57105
1618381055953	Marionette	WARN	TLS certificate errors will be ignored for this session
1618381067252	Marionette	INFO	Stopped listening on port 57105
JavaScript error: resource://activity-stream/lib/ASRouter.jsm, line 988: NS_ERROR_ILLEGAL_VALUE: Component returned failure code: 0x80070057 (NS_ERROR_ILLEGAL_VALUE) [nsIObserverService.removeObserver]
JavaScript error: resource://gre/modules/UrlClassifierListManager.jsm, line 691: TypeError: this.tablesData[table] is undefined

###!!! [Child][RunMessage] Error: Channel closing: too late to send/recv, messages will be lost

1618381077371	mozrunner::runner	INFO	Running command: "C:\\Program Files\\Mozilla Firefox\\firefox.exe" "-marionette" "-foreground" "-no-remote" "-profile" "C:\\Users\\ELCOT\\AppData\\Local\\Temp\\rust_mozprofileHIp7q5"
JavaScript error: resource://gre/modules/XULStore.jsm, line 66: Error: Can't find profile directory.
console.warn: SearchSettings: "get: No settings file exists, new profile?" (new Error("", "(unknown module)"))
1618381090529	Marionette	INFO	Listening on port 57221
1618381091073	Marionette	WARN	TLS certificate errors will be ignored for this session
1618381097039	Marionette	INFO	Stopped listening on port 57221
JavaScript error: resource://gre/modules/UrlClassifierListManager.jsm, line 691: TypeError: this.tablesData[table] is undefined
JavaScript error: resource://gre/modules/AsyncShutdown.jsm, line 573: NotFoundError: No such JSWindowActor 'MarionetteEvents'

###!!! [Child][RunMessage] Error: Channel closing: too late to send/recv, messages will be lost

1623133624388	mozrunner::runner	INFO	Running command: "C:\\Program Files\\Mozilla Firefox\\firefox.exe" "-marionette" "-foreground" "-no-remote" "-profile" "C:\\Users\\ELCOT\\AppData\\Local\\Temp\\rust_mozprofileRHMYTm"
1623133759959	mozrunner::runner	INFO	Running command: "C:\\Program Files\\Mozilla Firefox\\firefox.exe" "-marionette" "-foreground" "-no-remote" "-profile" "C:\\Users\\ELCOT\\AppData\\Local\\Temp\\rust_mozprofileFd7ey3"
1623133770725	Marionette	INFO	Marionette enabled
JavaScript error: resource://gre/modules/XULStore.jsm, line 66: Error: Can't find profile directory.
console.warn: SearchSettings: "get: No settings file exists, new profile?" (new NotFoundError("Could not open the file at C:\\Users\\ELCOT\\AppData\\Local\\Temp\\rust_mozprofileFd7ey3\\search.json.mozlz4", (void 0)))
console.error: Region.jsm: "Error fetching region" (new Error("TIMEOUT", "resource://gre/modules/Region.jsm", 772))
console.error: Region.jsm: "Failed to fetch region" (new Error("TIMEOUT", "resource://gre/modules/Region.jsm", 419))
console.error: "Could not write session state file " (new Error("_initWorker called too early! Please read the session file from disk first.", "resource:///modules/sessionstore/SessionFile.jsm", 375)) "_initWorker/<@resource:///modules/sessionstore/SessionFile.jsm:375:15\n_initWorker@resource:///modules/sessionstore/SessionFile.jsm:368:12\n_postToWorker@resource:///modules/sessionstore/SessionFile.jsm:410:16\nwrite@resource:///modules/sessionstore/SessionFile.jsm:448:24\nwrite@resource:///modules/sessionstore/SessionFile.jsm:75:32\n_writeState@resource:///modules/sessionstore/SessionSaver.jsm:367:24\n_saveState@resource:///modules/sessionstore/SessionSaver.jsm:301:17\n_saveStateAsync@resource:///modules/sessionstore/SessionSaver.jsm:351:10\nsaveStateAsyncWhenIdle@resource:///modules/sessionstore/SessionSaver.jsm:198:14\ncallback@resource://gre/modules/Timer.jsm:127:16\n"
1623133826064	Marionette	INFO	Listening on port 55937
console.log: "RemoteSettingsWorker error: Error: Can't import when we've started shutting down."
console.log: "RemoteSettingsWorker error: Error: Can't import when we've started shutting down."
JavaScript error: resource://gre/modules/Sqlite.jsm, line 1170: TypeError: connection not specified in clone options.
JavaScript error: , line 0: AbortError: A request was aborted, for example through a call to IDBTransaction.abort.
JavaScript error: , line 0: AbortError: A request was aborted, for example through a call to IDBTransaction.abort.
JavaScript error: , line 0: AbortError: A request was aborted, for example through a call to IDBTransaction.abort.
1623133860439	Marionette	INFO	Stopped listening on port 55937
1623133978706	mozrunner::runner	INFO	Running command: "C:\\Program Files\\Mozilla Firefox\\firefox.exe" "-marionette" "-foreground" "-no-remote" "-profile" "C:\\Users\\ELCOT\\AppData\\Local\\Temp\\rust_mozprofileZlsfLU"
1623133985272	Marionette	INFO	Marionette enabled
console.warn: SearchSettings: "get: No settings file exists, new profile?" (new NotFoundError("Could not open the file at C:\\Users\\ELCOT\\AppData\\Local\\Temp\\rust_mozprofileZlsfLU\\search.json.mozlz4", (void 0)))
JavaScript error: resource://gre/modules/XULStore.jsm, line 66: Error: Can't find profile directory.
console.error: Region.jsm: "Error fetching region" (new Error("TIMEOUT", "resource://gre/modules/Region.jsm", 772))
console.error: Region.jsm: "Failed to fetch region" (new Error("TIMEOUT", "resource://gre/modules/Region.jsm", 419))
1623134009228	Marionette	INFO	Listening on port 56077
1623134010856	Marionette	WARN	TLS certificate errors will be ignored for this session
1623134011588	Marionette	INFO	Stopped listening on port 56077
JavaScript error: , line 0: AbortError: Actor 'ASRouter' destroyed before query 'NEWTAB_MESSAGE_REQUEST' was resolved
console.log: "RemoteSettingsWorker error: Error: Can't import when we've started shutting down."
console.error: "Could not load engine google@search.mozilla.org: [Exception... \"AddonManager is not initialized\"  nsresult: \"0xc1f30001 (NS_ERROR_NOT_INITIALIZED)\"  location: \"JS frame :: resource://gre/modules/AddonManager.jsm :: installBuiltinAddon :: line 2536\"  data: no]"
console.error: "Could not load engine amazondotcom@search.mozilla.org: [Exception... \"AddonManager is not initialized\"  nsresult: \"0xc1f30001 (NS_ERROR_NOT_INITIALIZED)\"  location: \"JS frame :: resource://gre/modules/AddonManager.jsm :: installBuiltinAddon :: line 2536\"  data: no]"
console.error: "Could not load engine wikipedia@search.mozilla.org: [Exception... \"AddonManager is not initialized\"  nsresult: \"0xc1f30001 (NS_ERROR_NOT_INITIALIZED)\"  location: \"JS frame :: resource://gre/modules/AddonManager.jsm :: installBuiltinAddon :: line 2536\"  data: no]"
console.error: "Could not load engine bing@search.mozilla.org: [Exception... \"AddonManager is not initialized\"  nsresult: \"0xc1f30001 (NS_ERROR_NOT_INITIALIZED)\"  location: \"JS frame :: resource://gre/modules/AddonManager.jsm :: installBuiltinAddon :: line 2536\"  data: no]"
console.error: "Could not load engine ddg@search.mozilla.org: [Exception... \"AddonManager is not initialized\"  nsresult: \"0xc1f30001 (NS_ERROR_NOT_INITIALIZED)\"  location: \"JS frame :: resource://gre/modules/AddonManager.jsm :: installBuiltinAddon :: line 2536\"  data: no]"
console.warn: SearchService: "_init: abandoning init due to shutting down"
console.log: "RemoteSettingsWorker error: Error: Can't import when we've started shutting down."
JavaScript error: resource://gre/modules/AsyncShutdown.jsm, line 575: uncaught exception: 2147500036
JavaScript error: resource://gre/modules/AsyncShutdown.jsm, line 575: uncaught exception: 2147500036
JavaScript error: resource://gre/modules/AsyncShutdown.jsm, line 575: uncaught exception: 2147500036
JavaScript error: resource://gre/modules/AsyncShutdown.jsm, line 575: uncaught exception: 2147500036
console.log: "RemoteSettingsWorker error: Error: Can't import when we've started shutting down."
console.log: "RemoteSettingsWorker error: Error: Can't import when we've started shutting down."
JavaScript error: , line 0: uncaught exception: 2147500036
JavaScript error: , line 0: AbortError: A request was aborted, for example through a call to IDBTransaction.abort.
1623134115648	mozrunner::runner	INFO	Running command: "C:\\Program Files\\Mozilla Firefox\\firefox.exe" "-marionette" "-foreground" "-no-remote" "-profile" "C:\\Users\\ELCOT\\AppData\\Local\\Temp\\rust_mozprofileGunJ1p"
1623134117613	Marionette	INFO	Marionette enabled
console.warn: SearchSettings: "get: No settings file exists, new profile?" (new NotFoundError("Could not open the file at C:\\Users\\ELCOT\\AppData\\Local\\Temp\\rust_mozprofileGunJ1p\\search.json.mozlz4", (void 0)))
JavaScript error: resource://gre/modules/XULStore.jsm, line 66: Error: Can't find profile directory.
console.error: Region.jsm: "Error fetching region" (new Error("TIMEOUT", "resource://gre/modules/Region.jsm", 772))
console.error: Region.jsm: "Failed to fetch region" (new Error("TIMEOUT", "resource://gre/modules/Region.jsm", 419))
1623134134740	Marionette	INFO	Listening on port 56161
JavaScript error: resource://gre/modules/XULStore.jsm, line 66: Error: Can't find profile directory.
JavaScript error: resource://gre/modules/XULStore.jsm, line 66: Error: Can't find profile directory.
JavaScript error: resource://gre/modules/XULStore.jsm, line 66: Error: Can't find profile directory.
1623134138226	Marionette	WARN	TLS certificate errors will be ignored for this session
JavaScript error: resource://gre/modules/XULStore.jsm, line 66: Error: Can't find profile directory.
JavaScript error: https://staging.orgfarm.store/, line 670: ReferenceError: $ is not defined
JavaScript warning: https://assetscdn-wchat.freshchat.com/static/assets/vendor-ae9740fdbeced57623cdffc937fa59b3.js, line 6905: unreachable code after return statement
1623134181095	Marionette	INFO	Stopped listening on port 56161

###!!! [Child][RunMessage] Error: Channel closing: too late to send/recv, messages will be lost

1623136585398	mozrunner::runner	INFO	Running command: "C:\\Program Files\\Mozilla Firefox\\firefox.exe" "-marionette" "-foreground" "-no-remote" "-profile" "C:\\Users\\ELCOT\\AppData\\Local\\Temp\\rust_mozprofilekREjwX"
1623136587363	Marionette	INFO	Marionette enabled
console.warn: SearchSettings: "get: No settings file exists, new profile?" (new NotFoundError("Could not open the file at C:\\Users\\ELCOT\\AppData\\Local\\Temp\\rust_mozprofilekREjwX\\search.json.mozlz4", (void 0)))
JavaScript error: resource://gre/modules/XULStore.jsm, line 66: Error: Can't find profile directory.
console.error: Region.jsm: "Error fetching region" (new Error("TIMEOUT", "resource://gre/modules/Region.jsm", 772))
console.error: Region.jsm: "Failed to fetch region" (new Error("TIMEOUT", "resource://gre/modules/Region.jsm", 419))

###!!! [Child][RunMessage] Error: Channel closing: too late to send/recv, messages will be lost

[Parent 15944, IPC I/O Parent] WARNING: file /builds/worker/checkouts/gecko/ipc/chromium/src/base/process_util_win.cc:167
1623136608714	Marionette	INFO	Listening on port 51326
JavaScript error: resource://gre/modules/XULStore.jsm, line 66: Error: Can't find profile directory.
JavaScript error: resource://gre/modules/XULStore.jsm, line 66: Error: Can't find profile directory.
JavaScript error: resource://gre/modules/XULStore.jsm, line 66: Error: Can't find profile directory.
1623136610437	Marionette	WARN	TLS certificate errors will be ignored for this session
JavaScript error: resource://gre/modules/XULStore.jsm, line 66: Error: Can't find profile directory.
JavaScript error: https://wchat.freshchat.com/js/widget.js, line 117: TypeError: t is null
JavaScript error: https://staging.orgfarm.store/, line 670: ReferenceError: $ is not defined
1623136637133	Marionette	WARN	TimedPromise timed out after 500 ms: stacktrace:
TimedPromise/<@chrome://marionette/content/sync.js:237:19
TimedPromise@chrome://marionette/content/sync.js:222:10
interaction.flushEventLoop@chrome://marionette/content/interaction.js:431:10
webdriverClickElement@chrome://marionette/content/interaction.js:179:31
JavaScript error: https://staging.orgfarm.store/, line 704: ReferenceError: $ is not defined
JavaScript warning: https://assetscdn-wchat.freshchat.com/static/assets/vendor-ae9740fdbeced57623cdffc937fa59b3.js, line 6905: unreachable code after return statement
JavaScript error: https://staging.orgfarm.store/, line 1: ReferenceError: displayPostcode is not defined
JavaScript error: , line 0: uncaught exception: null
JavaScript error: https://wchat.freshchat.com/js/widget.js, line 117: TypeError: t is null
1623136663836	Marionette	WARN	Ignoring event 'DOMContentLoaded' because document has an invalid readyState of 'complete'.
JavaScript error: https://staging.orgfarm.store/store/chennai-standard/fruits-all, line 3082: TypeError: window.fcWidget is undefined
JavaScript warning: https://assetscdn-wchat.freshchat.com/static/assets/vendor-ae9740fdbeced57623cdffc937fa59b3.js, line 6905: unreachable code after return statement
1623136688143	Marionette	INFO	Stopped listening on port 51326

###!!! [Child][RunMessage] Error: Channel closing: too late to send/recv, messages will be lost

1623136804480	mozrunner::runner	INFO	Running command: "C:\\Program Files\\Mozilla Firefox\\firefox.exe" "-marionette" "-foreground" "-no-remote" "-profile" "C:\\Users\\ELCOT\\AppData\\Local\\Temp\\rust_mozprofileMttSCY"
1623136809790	Marionette	INFO	Marionette enabled
console.warn: SearchSettings: "get: No settings file exists, new profile?" (new NotFoundError("Could not open the file at C:\\Users\\ELCOT\\AppData\\Local\\Temp\\rust_mozprofileMttSCY\\search.json.mozlz4", (void 0)))
JavaScript error: resource://gre/modules/XULStore.jsm, line 66: Error: Can't find profile directory.
1623136823035	Marionette	INFO	Listening on port 51559
1623136823109	Marionette	WARN	TLS certificate errors will be ignored for this session
JavaScript error: https://wchat.freshchat.com/js/widget.js, line 117: TypeError: t is null
JavaScript error: https://staging.orgfarm.store/, line 670: ReferenceError: $ is not defined
1623136851078	Marionette	INFO	Stopped listening on port 51559
1623136957042	mozrunner::runner	INFO	Running command: "C:\\Program Files\\Mozilla Firefox\\firefox.exe" "-marionette" "-foreground" "-no-remote" "-profile" "C:\\Users\\ELCOT\\AppData\\Local\\Temp\\rust_mozprofilebIXJoK"
1623136959331	Marionette	INFO	Marionette enabled
console.warn: SearchSettings: "get: No settings file exists, new profile?" (new NotFoundError("Could not open the file at C:\\Users\\ELCOT\\AppData\\Local\\Temp\\rust_mozprofilebIXJoK\\search.json.mozlz4", (void 0)))
JavaScript error: resource://gre/modules/XULStore.jsm, line 66: Error: Can't find profile directory.
console.error: Region.jsm: "Error fetching region" (new Error("TIMEOUT", "resource://gre/modules/Region.jsm", 772))
console.error: Region.jsm: "Failed to fetch region" (new Error("TIMEOUT", "resource://gre/modules/Region.jsm", 419))
1623136969330	Marionette	INFO	Listening on port 58048

###!!! [Child][RunMessage] Error: Channel closing: too late to send/recv, messages will be lost

1623136970418	Marionette	WARN	TLS certificate errors will be ignored for this session
JavaScript error: https://staging.orgfarm.store/, line 670: ReferenceError: $ is not defined
JavaScript warning: https://assetscdn-wchat.freshchat.com/static/assets/vendor-ae9740fdbeced57623cdffc937fa59b3.js, line 6905: unreachable code after return statement
JavaScript warning: https://assetscdn-wchat.freshchat.com/static/assets/vendor-ae9740fdbeced57623cdffc937fa59b3.js, line 6905: unreachable code after return statement
JavaScript error: , line 0: uncaught exception: Object
JavaScript error: https://staging.orgfarm.store/checkout, line 3147: TypeError: shipping_method is undefined
JavaScript error: https://staging.orgfarm.store/checkout, line 2707: TypeError: shipping_method is undefined
JavaScript error: https://wchat.freshchat.com/js/widget.js, line 117: TypeError: t is null
JavaScript error: https://staging.orgfarm.store/checkout-success, line 912: ReferenceError: _tfa is not defined
Marionette threw an error: TypeError: browsingContextFn().currentWindowGlobal is null
getMarionetteCommandsActorProxy/get/<@chrome://marionette/content/actors/MarionetteCommandsParent.jsm:327:29

1623137040658	Marionette	INFO	Stopped listening on port 58048

###!!! [Child][RunMessage] Error: Channel closing: too late to send/recv, messages will be lost

1623137050745	mozrunner::runner	INFO	Running command: "C:\\Program Files\\Mozilla Firefox\\firefox.exe" "-marionette" "-foreground" "-no-remote" "-profile" "C:\\Users\\ELCOT\\AppData\\Local\\Temp\\rust_mozprofilelsRUKv"
1623137052642	Marionette	INFO	Marionette enabled
console.warn: SearchSettings: "get: No settings file exists, new profile?" (new NotFoundError("Could not open the file at C:\\Users\\ELCOT\\AppData\\Local\\Temp\\rust_mozprofilelsRUKv\\search.json.mozlz4", (void 0)))
JavaScript error: resource://gre/modules/XULStore.jsm, line 66: Error: Can't find profile directory.
console.error: Region.jsm: "Error fetching region" (new Error("TIMEOUT", "resource://gre/modules/Region.jsm", 772))
console.error: Region.jsm: "Failed to fetch region" (new Error("TIMEOUT", "resource://gre/modules/Region.jsm", 419))
1623137063664	Marionette	INFO	Listening on port 58200
1623137063917	Marionette	WARN	TLS certificate errors will be ignored for this session
JavaScript error: resource:///modules/sessionstore/SessionStore.jsm, line 6190: TypeError: aTab is undefined
JavaScript error: https://staging.orgfarm.store/, line 670: ReferenceError: $ is not defined
JavaScript error: https://staging.orgfarm.store/, line 1559: TypeError: window.fcWidget is undefined
JavaScript warning: https://assetscdn-wchat.freshchat.com/static/assets/vendor-ae9740fdbeced57623cdffc937fa59b3.js, line 6905: unreachable code after return statement
JavaScript error: https://staging.orgfarm.store/, line 704: ReferenceError: $ is not defined
JavaScript warning: https://assetscdn-wchat.freshchat.com/static/assets/vendor-ae9740fdbeced57623cdffc937fa59b3.js, line 6905: unreachable code after return statement
1623137092786	Marionette	WARN	TimedPromise timed out after 500 ms: stacktrace:
TimedPromise/<@chrome://marionette/content/sync.js:237:19
TimedPromise@chrome://marionette/content/sync.js:222:10
interaction.flushEventLoop@chrome://marionette/content/interaction.js:431:10
webdriverClickElement@chrome://marionette/content/interaction.js:179:31
JavaScript error: https://staging.orgfarm.store/, line 1: ReferenceError: displayPostcode is not defined
JavaScript error: https://assetscdn-wchat.freshchat.com/static/assets/fc_web_widget-de4e5dce36e7ac1cc57712f6a3cb315e.js, line 934: TypeError: t is undefined
JavaScript error: https://staging.orgfarm.store/store/chennai-standard, line 9222: TypeError: window.fcWidget is undefined
1623137101538	Marionette	WARN	Ignoring event 'DOMContentLoaded' because document has an invalid readyState of 'complete'.
1623137101658	Marionette	WARN	TimedPromise timed out after 500 ms: stacktrace:
TimedPromise/<@chrome://marionette/content/sync.js:237:19
TimedPromise@chrome://marionette/content/sync.js:222:10
interaction.flushEventLoop@chrome://marionette/content/interaction.js:431:10
webdriverClickElement@chrome://marionette/content/interaction.js:179:31
JavaScript warning: https://assetscdn-wchat.freshchat.com/static/assets/vendor-ae9740fdbeced57623cdffc937fa59b3.js, line 6905: unreachable code after return statement
JavaScript error: https://staging.orgfarm.store/store/chennai-standard/fruits-all, line 3082: TypeError: window.fcWidget is undefined
JavaScript warning: https://assetscdn-wchat.freshchat.com/static/assets/vendor-ae9740fdbeced57623cdffc937fa59b3.js, line 6905: unreachable code after return statement
1623137113202	Marionette	INFO	Stopped listening on port 58200
